MIF/HEX Update report for SCOMP
Mon Nov 16 01:45:00 2020
Quartus Prime Version 19.1.0 Build 670 09/22/2019 SJ Lite Edition


---------------------
; Table of Contents ;
---------------------
  1. Legal Notice
  2. MIF/HEX Update Summary
  3. MIF/HEX Update Processed Files
  4. MIF/HEX Update Messages



----------------
; Legal Notice ;
----------------
Copyright (C) 2019  Intel Corporation. All rights reserved.
Your use of Intel Corporation's design tools, logic functions 
and other software and tools, and any partner logic 
functions, and any output files from any of the foregoing 
(including device programming or simulation files), and any 
associated documentation or information are expressly subject 
to the terms and conditions of the Intel Program License 
Subscription Agreement, the Intel Quartus Prime License Agreement,
the Intel FPGA IP License Agreement, or other applicable license
agreement, including, without limitation, that your use is for
the sole purpose of programming logic devices manufactured by
Intel and sold by Intel or its authorized distributors.  Please
refer to the applicable agreement for further details, at
https://fpgasoftware.intel.com/eula.



+---------------------------------------------------------------+
; MIF/HEX Update Summary                                        ;
+-----------------------+---------------------------------------+
; MIF/HEX Update Status ; Successful - Mon Nov 16 01:45:00 2020 ;
; Revision Name         ; SCOMP                                 ;
; Top-level Entity Name ; SCOMP_System                          ;
; Family                ; MAX 10                                ;
; Device                ; 10M50DAF484C7G                        ;
+-----------------------+---------------------------------------+


+----------------------------------------------------------------------------+
; MIF/HEX Update Processed Files                                             ;
+----------------------------------------------------------------------------+
; File Name                                                                  ;
+----------------------------------------------------------------------------+
; C:/Users/steph/Documents/GitHub/TechRunningbackGame/GameLogic/allsongs.mif ;
+----------------------------------------------------------------------------+


+-------------------------+
; MIF/HEX Update Messages ;
+-------------------------+
Info: *******************************************************************
Info: Running Quartus Prime MIF/HEX Update
    Info: Version 19.1.0 Build 670 09/22/2019 SJ Lite Edition
    Info: Processing started: Mon Nov 16 01:44:57 2020
Info: Command: quartus_cdb SCOMP -c SCOMP --update_mif
Warning (113031): 44802 out of 65536 addresses are reinitialized. The latest initialized data will replace the existing data. There are 44802 warnings found, and 10 warnings are reported. File: C:/Users/steph/Documents/GitHub/TechRunningbackGame/GameLogic/allsongs.mif Line: 1
    Warning (113030): Memory Initialization File address 0 is reinitialized File: C:/Users/steph/Documents/GitHub/TechRunningbackGame/GameLogic/ Line: 13
    Warning (113030): Memory Initialization File address 1 is reinitialized File: C:/Users/steph/Documents/GitHub/TechRunningbackGame/GameLogic/ Line: 14
    Warning (113030): Memory Initialization File address 2 is reinitialized File: C:/Users/steph/Documents/GitHub/TechRunningbackGame/GameLogic/ Line: 15
    Warning (113030): Memory Initialization File address 3 is reinitialized File: C:/Users/steph/Documents/GitHub/TechRunningbackGame/GameLogic/ Line: 16
    Warning (113030): Memory Initialization File address 4 is reinitialized File: C:/Users/steph/Documents/GitHub/TechRunningbackGame/GameLogic/ Line: 17
    Warning (113030): Memory Initialization File address 5 is reinitialized File: C:/Users/steph/Documents/GitHub/TechRunningbackGame/GameLogic/ Line: 18
    Warning (113030): Memory Initialization File address 6 is reinitialized File: C:/Users/steph/Documents/GitHub/TechRunningbackGame/GameLogic/ Line: 19
    Warning (113030): Memory Initialization File address 7 is reinitialized File: C:/Users/steph/Documents/GitHub/TechRunningbackGame/GameLogic/ Line: 20
    Warning (113030): Memory Initialization File address 8 is reinitialized File: C:/Users/steph/Documents/GitHub/TechRunningbackGame/GameLogic/ Line: 21
    Warning (113030): Memory Initialization File address 9 is reinitialized File: C:/Users/steph/Documents/GitHub/TechRunningbackGame/GameLogic/ Line: 22
Info (39024): Processed the following Memory Initialization File(s)
    Info (39025): Processed Memory Initialization File C:/Users/steph/Documents/GitHub/TechRunningbackGame/GameLogic/allsongs.mif File: C:/Users/steph/Documents/GitHub/TechRunningbackGame/GameLogic/allsongs.mif Line: 0
Info: Quartus Prime MIF/HEX Update was successful. 0 errors, 11 warnings
    Info: Peak virtual memory: 4773 megabytes
    Info: Processing ended: Mon Nov 16 01:45:01 2020
    Info: Elapsed time: 00:00:04
    Info: Total CPU time (on all processors): 00:00:03


